<?xml version="1.0" encoding="UTF-8"?>
<!-- Generated by org.testng.reporters.JUnitReportReporter -->
<testsuite hostname="DESKTOP-7J8M9JT" failures="0" tests="1" name="velan.velan" time="21.965" errors="0" timestamp="2023-07-20T18:44:42 IST" skipped="0">
  <testcase classname="velan.velan" name="f" time="21.965"/>
  <system-out/>
</testsuite> <!-- velan.velan -->
