<?xml version="1.0" encoding="UTF-8"?>
<!-- Generated by org.testng.reporters.JUnitReportReporter -->
<testsuite hostname="DESKTOP-7J8M9JT" failures="0" tests="1" name="velan.Velan2" time="20.428" errors="0" timestamp="2023-07-20T15:59:20 IST" skipped="0">
  <testcase classname="velan.Velan2" name="f" time="20.428"/>
  <system-out/>
</testsuite> <!-- velan.Velan2 -->
